The system is: Windows - 10.0.15063 - AMD64
Compiling the C compiler identification source file "CMakeCCompilerId.c" succeeded.
Compiler: C:/Program Files (x86)/Microsoft Visual Studio/2017/Community/VC/Tools/MSVC/14.16.27023/bin/Hostx86/x86/cl.exe 
Build flags: 
Id flags:  

The output was:
0
Microsoft (R) C/C++ Optimizing Compiler Version 19.16.27027.1 for x86
Copyright (C) Microsoft Corporation.  All rights reserved.

CMakeCCompilerId.c
Microsoft (R) Incremental Linker Version 14.16.27027.1
Copyright (C) Microsoft Corporation.  All rights reserved.

/out:CMakeCCompilerId.exe 
CMakeCCompilerId.obj 


Compilation of the C compiler identification source "CMakeCCompilerId.c" produced "CMakeCCompilerId.exe"

Compilation of the C compiler identification source "CMakeCCompilerId.c" produced "CMakeCCompilerId.obj"

The C compiler identification is MSVC, found in "C:/Users/bspoka/Documents/swabian_LV/swabian_vis/swabian_lib/cmake-build-release/CMakeFiles/3.13.4/CompilerIdC/CMakeCCompilerId.exe"

Determining if the C compiler works passed with the following output:
Change Dir: C:/Users/bspoka/Documents/swabian_LV/swabian_vis/swabian_lib/cmake-build-release/CMakeFiles/CMakeTmp

Run Build Command:"nmake" "/nologo" "cmTC_acc19\fast"
	"C:\Program Files (x86)\Microsoft Visual Studio\2017\Community\VC\Tools\MSVC\14.16.27023\bin\HostX86\x86\nmake.exe" -f CMakeFiles\cmTC_acc19.dir\build.make /nologo -L                  CMakeFiles\cmTC_acc19.dir\build
Building C object CMakeFiles/cmTC_acc19.dir/testCCompiler.c.obj
	C:\PROGRA~2\MICROS~2\2017\COMMUN~1\VC\Tools\MSVC\1416~1.270\bin\Hostx86\x86\cl.exe @C:\Users\bspoka\AppData\Local\Temp\nmBF9B.tmp
testCCompiler.c
Linking C executable cmTC_acc19.exe
	"C:\Program Files\JetBrains\CLion 2019.1\bin\cmake\win\bin\cmake.exe" -E vs_link_exe --intdir=CMakeFiles\cmTC_acc19.dir --manifests  -- C:\PROGRA~2\MICROS~2\2017\COMMUN~1\VC\Tools\MSVC\1416~1.270\bin\Hostx86\x86\link.exe /nologo @CMakeFiles\cmTC_acc19.dir\objects1.rsp @C:\Users\bspoka\AppData\Local\Temp\nmC132.tmp


Detecting C compiler ABI info compiled with the following output:
Change Dir: C:/Users/bspoka/Documents/swabian_LV/swabian_vis/swabian_lib/cmake-build-release/CMakeFiles/CMakeTmp

Run Build Command:"nmake" "/nologo" "cmTC_83d7d\fast"
	"C:\Program Files (x86)\Microsoft Visual Studio\2017\Community\VC\Tools\MSVC\14.16.27023\bin\HostX86\x86\nmake.exe" -f CMakeFiles\cmTC_83d7d.dir\build.make /nologo -L                  CMakeFiles\cmTC_83d7d.dir\build
Building C object CMakeFiles/cmTC_83d7d.dir/CMakeCCompilerABI.c.obj
	C:\PROGRA~2\MICROS~2\2017\COMMUN~1\VC\Tools\MSVC\1416~1.270\bin\Hostx86\x86\cl.exe @C:\Users\bspoka\AppData\Local\Temp\nmC3E0.tmp
CMakeCCompilerABI.c
Linking C executable cmTC_83d7d.exe
	"C:\Program Files\JetBrains\CLion 2019.1\bin\cmake\win\bin\cmake.exe" -E vs_link_exe --intdir=CMakeFiles\cmTC_83d7d.dir --manifests  -- C:\PROGRA~2\MICROS~2\2017\COMMUN~1\VC\Tools\MSVC\1416~1.270\bin\Hostx86\x86\link.exe /nologo @CMakeFiles\cmTC_83d7d.dir\objects1.rsp @C:\Users\bspoka\AppData\Local\Temp\nmC43F.tmp




Detecting C [] compiler features compiled with the following output:
Change Dir: C:/Users/bspoka/Documents/swabian_LV/swabian_vis/swabian_lib/cmake-build-release/CMakeFiles/CMakeTmp

Run Build Command:"nmake" "/nologo" "cmTC_409b1\fast"
	"C:\Program Files (x86)\Microsoft Visual Studio\2017\Community\VC\Tools\MSVC\14.16.27023\bin\HostX86\x86\nmake.exe" -f CMakeFiles\cmTC_409b1.dir\build.make /nologo -L                  CMakeFiles\cmTC_409b1.dir\build
Building C object CMakeFiles/cmTC_409b1.dir/feature_tests.c.obj
	C:\PROGRA~2\MICROS~2\2017\COMMUN~1\VC\Tools\MSVC\1416~1.270\bin\Hostx86\x86\cl.exe @C:\Users\bspoka\AppData\Local\Temp\nmC78A.tmp
feature_tests.c
Linking C executable cmTC_409b1.exe
	"C:\Program Files\JetBrains\CLion 2019.1\bin\cmake\win\bin\cmake.exe" -E vs_link_exe --intdir=CMakeFiles\cmTC_409b1.dir --manifests  -- C:\PROGRA~2\MICROS~2\2017\COMMUN~1\VC\Tools\MSVC\1416~1.270\bin\Hostx86\x86\link.exe /nologo @CMakeFiles\cmTC_409b1.dir\objects1.rsp @C:\Users\bspoka\AppData\Local\Temp\nmC7E9.tmp


    Feature record: C_FEATURE:1c_function_prototypes
    Feature record: C_FEATURE:1c_variadic_macros
